\BOOKMARK [0][-]{chapter.1}{Foundation}{}% 1
\BOOKMARK [1][-]{section.1.1}{Council Constitution}{chapter.1}% 2
\BOOKMARK [2][-]{subsection.1.1.1}{Purpose}{section.1.1}% 3
\BOOKMARK [2][-]{subsection.1.1.2}{Layout}{section.1.1}% 4
\BOOKMARK [2][-]{subsection.1.1.3}{Procedures}{section.1.1}% 5
\BOOKMARK [1][-]{section.1.2}{Beliefs}{chapter.1}% 6
\BOOKMARK [2][-]{subsection.1.2.1}{Policies}{section.1.2}% 7
\BOOKMARK [2][-]{subsection.1.2.2}{Women in Leadership}{section.1.2}% 8
\BOOKMARK [1][-]{section.1.3}{Social}{chapter.1}% 9
\BOOKMARK [2][-]{subsection.1.3.1}{Tiers}{section.1.3}% 10
\BOOKMARK [1][-]{section.1.4}{Technology}{chapter.1}% 11
\BOOKMARK [2][-]{subsection.1.4.1}{}{section.1.4}% 12
\BOOKMARK [0][-]{chapter.2}{Church}{}% 13
\BOOKMARK [1][-]{section.2.1}{Church Constitution}{chapter.2}% 14
\BOOKMARK [2][-]{subsection.2.1.1}{Purpose}{section.2.1}% 15
\BOOKMARK [2][-]{subsection.2.1.2}{Relationship}{section.2.1}% 16
\BOOKMARK [2][-]{subsection.2.1.3}{Roles}{section.2.1}% 17
\BOOKMARK [2][-]{subsection.2.1.4}{Meetings}{section.2.1}% 18
\BOOKMARK [2][-]{subsection.2.1.5}{Serving}{section.2.1}% 19
\BOOKMARK [2][-]{subsection.2.1.6}{Procedures}{section.2.1}% 20
\BOOKMARK [2][-]{subsection.2.1.7}{Definitions}{section.2.1}% 21
\BOOKMARK [1][-]{section.2.2}{Education}{chapter.2}% 22
\BOOKMARK [2][-]{subsection.2.2.1}{Theology}{section.2.2}% 23
\BOOKMARK [0][-]{chapter.3}{School}{}% 24
\BOOKMARK [1][-]{section.3.1}{School Constitution}{chapter.3}% 25
\BOOKMARK [2][-]{subsection.3.1.1}{Purpose}{section.3.1}% 26
\BOOKMARK [2][-]{subsection.3.1.2}{Organization}{section.3.1}% 27
\BOOKMARK [2][-]{subsection.3.1.3}{Development}{section.3.1}% 28
\BOOKMARK [2][-]{subsection.3.1.4}{Functions}{section.3.1}% 29
\BOOKMARK [2][-]{subsection.3.1.5}{Layout}{section.3.1}% 30
\BOOKMARK [1][-]{section.3.2}{Curriculum}{chapter.3}% 31
\BOOKMARK [2][-]{subsection.3.2.1}{Core}{section.3.2}% 32
\BOOKMARK [2][-]{subsection.3.2.2}{Lower and Upper Mantle}{section.3.2}% 33
\BOOKMARK [2][-]{subsection.3.2.3}{Classes}{section.3.2}% 34
\BOOKMARK [2][-]{subsection.3.2.4}{Levels}{section.3.2}% 35
\BOOKMARK [2][-]{subsection.3.2.5}{Map}{section.3.2}% 36
\BOOKMARK [1][-]{section.3.3}{Floor Plans}{chapter.3}% 37
\BOOKMARK [0][-]{chapter.4}{Home}{}% 38
\BOOKMARK [1][-]{section.4.1}{Home Constitution}{chapter.4}% 39
\BOOKMARK [2][-]{subsection.4.1.1}{Purpose}{section.4.1}% 40
\BOOKMARK [2][-]{subsection.4.1.2}{Roles}{section.4.1}% 41
\BOOKMARK [2][-]{subsection.4.1.3}{Layout}{section.4.1}% 42
\BOOKMARK [2][-]{subsection.4.1.4}{Functions}{section.4.1}% 43
\BOOKMARK [2][-]{subsection.4.1.5}{Integration}{section.4.1}% 44
\BOOKMARK [1][-]{section.4.2}{Dating}{chapter.4}% 45
\BOOKMARK [2][-]{subsection.4.2.1}{Purpose}{section.4.2}% 46
\BOOKMARK [2][-]{subsection.4.2.2}{Procedure}{section.4.2}% 47
\BOOKMARK [1][-]{section.4.3}{Wedding}{chapter.4}% 48
\BOOKMARK [2][-]{subsection.4.3.1}{Definition}{section.4.3}% 49
\BOOKMARK [2][-]{subsection.4.3.2}{Process}{section.4.3}% 50
\BOOKMARK [2][-]{subsection.4.3.3}{Remarks:}{section.4.3}% 51
\BOOKMARK [1][-]{section.4.4}{Marriage}{chapter.4}% 52
\BOOKMARK [2][-]{subsection.4.4.1}{Purpose}{section.4.4}% 53
\BOOKMARK [2][-]{subsection.4.4.2}{Foundation}{section.4.4}% 54
\BOOKMARK [2][-]{subsection.4.4.3}{Theory}{section.4.4}% 55
\BOOKMARK [2][-]{subsection.4.4.4}{Practice}{section.4.4}% 56
\BOOKMARK [1][-]{section.4.5}{Education}{chapter.4}% 57
\BOOKMARK [2][-]{subsection.4.5.1}{Health \044 Safety}{section.4.5}% 58
\BOOKMARK [1][-]{section.4.6}{Floor Plans}{chapter.4}% 59
