\BOOKMARK [0][-]{chapter.1}{Home}{}% 1
\BOOKMARK [1][-]{section.1.1}{Home Constitution}{chapter.1}% 2
\BOOKMARK [2][-]{subsection.1.1.1}{Purpose}{section.1.1}% 3
\BOOKMARK [2][-]{subsection.1.1.2}{Roles}{section.1.1}% 4
\BOOKMARK [2][-]{subsection.1.1.3}{Layout}{section.1.1}% 5
\BOOKMARK [2][-]{subsection.1.1.4}{Functions}{section.1.1}% 6
\BOOKMARK [2][-]{subsection.1.1.5}{Integration}{section.1.1}% 7
\BOOKMARK [1][-]{section.1.2}{Dating}{chapter.1}% 8
\BOOKMARK [2][-]{subsection.1.2.1}{Purpose}{section.1.2}% 9
\BOOKMARK [2][-]{subsection.1.2.2}{Procedure}{section.1.2}% 10
\BOOKMARK [1][-]{section.1.3}{Wedding}{chapter.1}% 11
\BOOKMARK [2][-]{subsection.1.3.1}{Definition}{section.1.3}% 12
\BOOKMARK [2][-]{subsection.1.3.2}{Process}{section.1.3}% 13
\BOOKMARK [2][-]{subsection.1.3.3}{Remarks:}{section.1.3}% 14
\BOOKMARK [1][-]{section.1.4}{Marriage}{chapter.1}% 15
\BOOKMARK [2][-]{subsection.1.4.1}{Purpose}{section.1.4}% 16
\BOOKMARK [2][-]{subsection.1.4.2}{Foundation}{section.1.4}% 17
\BOOKMARK [2][-]{subsection.1.4.3}{Theory}{section.1.4}% 18
\BOOKMARK [2][-]{subsection.1.4.4}{Practice}{section.1.4}% 19
\BOOKMARK [1][-]{section.1.5}{Education}{chapter.1}% 20
\BOOKMARK [2][-]{subsection.1.5.1}{Health \044 Safety}{section.1.5}% 21
\BOOKMARK [1][-]{section.1.6}{Floor Plans}{chapter.1}% 22
